<?xml version="1.0" encoding="UTF-8"?>
<testng-results skipped="0" failed="0" ignored="0" total="1" passed="1">
  <reporter-output>
  </reporter-output>
  <suite name="Default suite" duration-ms="33304" started-at="2017-10-10T05:28:13Z" finished-at="2017-10-10T05:28:46Z">
    <groups>
    </groups>
    <test name="Default test" duration-ms="33304" started-at="2017-10-10T05:28:13Z" finished-at="2017-10-10T05:28:46Z">
      <class name="com.inmegh.cms.test.regression.VerifyLoginPage">
        <test-method status="PASS" signature="getDriver()[pri:0, instance:com.inmegh.cms.test.regression.VerifyLoginPage@4883b407]" name="getDriver" is-config="true" duration-ms="21273" started-at="2017-10-10T10:58:13Z" finished-at="2017-10-10T10:58:34Z">
          <reporter-output>
          </reporter-output>
        </test-method> <!-- getDriver -->
        <test-method status="PASS" signature="verifyValidLogin()[pri:0, instance:com.inmegh.cms.test.regression.VerifyLoginPage@4883b407]" name="verifyValidLogin" duration-ms="11958" started-at="2017-10-10T10:58:34Z" finished-at="2017-10-10T10:58:46Z">
          <reporter-output>
          </reporter-output>
        </test-method> <!-- verifyValidLogin -->
        <test-method status="PASS" signature="tearDown()[pri:0, instance:com.inmegh.cms.test.regression.VerifyLoginPage@4883b407]" name="tearDown" is-config="true" duration-ms="49" started-at="2017-10-10T10:58:46Z" finished-at="2017-10-10T10:58:46Z">
          <reporter-output>
          </reporter-output>
        </test-method> <!-- tearDown -->
      </class> <!-- com.inmegh.cms.test.regression.VerifyLoginPage -->
    </test> <!-- Default test -->
  </suite> <!-- Default suite -->
</testng-results>
